Build started 12/03/2016 22:58:31.
     1>Project "C:\Users\Youri\documents\visual studio 2013\Projects\SDL2_Project\SDL2_Project\SDL2_Project.vcxproj" on node 2 (Build target(s)).
     1>ClCompile:
         C:\Program Files (x86)\Microsoft Visual Studio 12.0\VC\bin\CL.exe /c /I"C:\Users\Youri\Documents\SDL2-2.0.4\SDL2" /ZI /nologo /W3 /WX- /sdl /Od /Oy- /D _MBCS /Gm /EHsc /RTC1 /MDd /GS /fp:precise /Zc:wchar_t /Zc:forScope /Fo"Debug\\" /Fd"Debug\vc120.pdb" /Gd /TP /analyze- /errorReport:prompt inputManager.cpp
         inputManager.cpp
     1>c:\users\youri\documents\visual studio 2013\projects\sdl2_project\sdl2_project\inputmanager.cpp(61): warning C4715: 'inputManager::getInput' : not all control paths return a value
       Link:
         C:\Program Files (x86)\Microsoft Visual Studio 12.0\VC\bin\link.exe /ERRORREPORT:PROMPT /OUT:"C:\Users\Youri\documents\visual studio 2013\Projects\SDL2_Project\Debug\SDL2_Project.exe" /INCREMENTAL /NOLOGO /LIBPATH:"C:\Users\Youri\Documents\SDL2-2.0.4\lib\x86" SDL2main.lib SDL2.lib SDL2_image.lib kernel32.lib user32.lib gdi32.lib winspool.lib comdlg32.lib advapi32.lib shell32.lib ole32.lib oleaut32.lib uuid.lib odbc32.lib odbccp32.lib kernel32.lib user32.lib gdi32.lib winspool.lib comdlg32.lib advapi32.lib shell32.lib ole32.lib oleaut32.lib uuid.lib odbc32.lib odbccp32.lib /MANIFEST /MANIFESTUAC:"level='asInvoker' uiAccess='false'" /manifest:embed /DEBUG /PDB:"C:\Users\Youri\documents\visual studio 2013\Projects\SDL2_Project\Debug\SDL2_Project.pdb" /SUBSYSTEM:CONSOLE /TLBID:1 /DYNAMICBASE /NXCOMPAT /IMPLIB:"C:\Users\Youri\documents\visual studio 2013\Projects\SDL2_Project\Debug\SDL2_Project.lib" /MACHINE:X86 Debug\SDL2_Project.res
         Debug\character.obj
         Debug\characterManager.obj
         Debug\gameManager.obj
         Debug\inputManager.obj
         Debug\main.obj
         Debug\map.obj
         Debug\renderManager.obj
         Debug\square.obj
         Debug\turn.obj
         SDL2_Project.vcxproj -> C:\Users\Youri\documents\visual studio 2013\Projects\SDL2_Project\Debug\SDL2_Project.exe
     1>Done Building Project "C:\Users\Youri\documents\visual studio 2013\Projects\SDL2_Project\SDL2_Project\SDL2_Project.vcxproj" (Build target(s)).

Build succeeded.

Time Elapsed 00:00:00.81
