c:\users\youri\documents\visual studio 2013\projects\sdl2_project\sdl2_project\debug\vc120.pdb
c:\users\youri\documents\visual studio 2013\projects\sdl2_project\sdl2_project\debug\vc120.idb
c:\users\youri\documents\visual studio 2013\projects\sdl2_project\sdl2_project\debug\character.obj
c:\users\youri\documents\visual studio 2013\projects\sdl2_project\sdl2_project\debug\charactermanager.obj
c:\users\youri\documents\visual studio 2013\projects\sdl2_project\sdl2_project\debug\gamemanager.obj
c:\users\youri\documents\visual studio 2013\projects\sdl2_project\sdl2_project\debug\inputmanager.obj
c:\users\youri\documents\visual studio 2013\projects\sdl2_project\sdl2_project\debug\main.obj
c:\users\youri\documents\visual studio 2013\projects\sdl2_project\sdl2_project\debug\map.obj
c:\users\youri\documents\visual studio 2013\projects\sdl2_project\sdl2_project\debug\rendermanager.obj
c:\users\youri\documents\visual studio 2013\projects\sdl2_project\sdl2_project\debug\square.obj
c:\users\youri\documents\visual studio 2013\projects\sdl2_project\sdl2_project\debug\turn.obj
c:\users\youri\documents\visual studio 2013\projects\sdl2_project\debug\sdl2_project.ilk
c:\users\youri\documents\visual studio 2013\projects\sdl2_project\debug\sdl2_project.exe
c:\users\youri\documents\visual studio 2013\projects\sdl2_project\debug\sdl2_project.pdb
c:\users\youri\documents\visual studio 2013\projects\sdl2_project\sdl2_project\debug\sdl2_project.res
c:\users\youri\documents\visual studio 2013\projects\sdl2_project\sdl2_project\debug\sdl2_project.tlog\cl.command.1.tlog
c:\users\youri\documents\visual studio 2013\projects\sdl2_project\sdl2_project\debug\sdl2_project.tlog\cl.read.1.tlog
c:\users\youri\documents\visual studio 2013\projects\sdl2_project\sdl2_project\debug\sdl2_project.tlog\cl.write.1.tlog
c:\users\youri\documents\visual studio 2013\projects\sdl2_project\sdl2_project\debug\sdl2_project.tlog\link.command.1.tlog
c:\users\youri\documents\visual studio 2013\projects\sdl2_project\sdl2_project\debug\sdl2_project.tlog\link.read.1.tlog
c:\users\youri\documents\visual studio 2013\projects\sdl2_project\sdl2_project\debug\sdl2_project.tlog\link.write.1.tlog
c:\users\youri\documents\visual studio 2013\projects\sdl2_project\sdl2_project\debug\sdl2_project.tlog\rc.command.1.tlog
c:\users\youri\documents\visual studio 2013\projects\sdl2_project\sdl2_project\debug\sdl2_project.tlog\rc.read.1.tlog
c:\users\youri\documents\visual studio 2013\projects\sdl2_project\sdl2_project\debug\sdl2_project.tlog\rc.write.1.tlog
